2020-06-24 08:37:04,263 INFO 35064 [egg-schedule]: register schedule C:\Users\lenovo\Desktop\shopping-mall\server\node_modules\_egg-multipart@2.10.3@egg-multipart\app\schedule\clean_tmpdir.js
2020-06-24 08:37:04,263 INFO 35064 [egg-schedule]: register schedule C:\Users\lenovo\Desktop\shopping-mall\server\node_modules\_egg-logrotator@3.1.0@egg-logrotator\app\schedule\clean_log.js
2020-06-24 08:37:04,264 INFO 35064 [egg-schedule]: register schedule C:\Users\lenovo\Desktop\shopping-mall\server\node_modules\_egg-logrotator@3.1.0@egg-logrotator\app\schedule\rotate_by_file.js
2020-06-24 08:37:16,663 INFO 56708 [Timer] C:\Users\lenovo\Desktop\shopping-mall\server\node_modules\_egg-multipart@2.10.3@egg-multipart\app\schedule\clean_tmpdir.js next time will execute after 71563359ms at 2020-06-25 04:30:00.022
2020-06-24 08:37:16,668 INFO 56708 [Timer] C:\Users\lenovo\Desktop\shopping-mall\server\node_modules\_egg-logrotator@3.1.0@egg-logrotator\app\schedule\clean_log.js next time will execute after 55363335ms at 2020-06-25 00:00:00.003
2020-06-24 08:37:16,673 INFO 56708 [Timer] C:\Users\lenovo\Desktop\shopping-mall\server\node_modules\_egg-logrotator@3.1.0@egg-logrotator\app\schedule\rotate_by_file.js next time will execute after 55364331ms at 2020-06-25 00:00:01.004
2020-06-24 11:13:49,469 INFO 34080 [egg-schedule]: register schedule C:\Users\lenovo\Desktop\shopping-mall\server\node_modules\_egg-multipart@2.10.3@egg-multipart\app\schedule\clean_tmpdir.js
2020-06-24 11:13:49,469 INFO 34080 [egg-schedule]: register schedule C:\Users\lenovo\Desktop\shopping-mall\server\node_modules\_egg-logrotator@3.1.0@egg-logrotator\app\schedule\clean_log.js
2020-06-24 11:13:49,469 INFO 34080 [egg-schedule]: register schedule C:\Users\lenovo\Desktop\shopping-mall\server\node_modules\_egg-logrotator@3.1.0@egg-logrotator\app\schedule\rotate_by_file.js
2020-06-24 11:13:56,035 INFO 29816 [Timer] C:\Users\lenovo\Desktop\shopping-mall\server\node_modules\_egg-multipart@2.10.3@egg-multipart\app\schedule\clean_tmpdir.js next time will execute after 62163982ms at 2020-06-25 04:30:00.016
2020-06-24 11:13:56,038 INFO 29816 [Timer] C:\Users\lenovo\Desktop\shopping-mall\server\node_modules\_egg-logrotator@3.1.0@egg-logrotator\app\schedule\clean_log.js next time will execute after 45963965ms at 2020-06-25 00:00:00.003
2020-06-24 11:13:56,041 INFO 29816 [Timer] C:\Users\lenovo\Desktop\shopping-mall\server\node_modules\_egg-logrotator@3.1.0@egg-logrotator\app\schedule\rotate_by_file.js next time will execute after 45964962ms at 2020-06-25 00:00:01.003
2020-06-25 13:58:04,224 INFO 47528 [egg-schedule]: register schedule C:\Users\lenovo\Desktop\shopping-mall\server\node_modules\_egg-multipart@2.10.3@egg-multipart\app\schedule\clean_tmpdir.js
2020-06-25 13:58:04,224 INFO 47528 [egg-schedule]: register schedule C:\Users\lenovo\Desktop\shopping-mall\server\node_modules\_egg-logrotator@3.1.0@egg-logrotator\app\schedule\clean_log.js
2020-06-25 13:58:04,225 INFO 47528 [egg-schedule]: register schedule C:\Users\lenovo\Desktop\shopping-mall\server\node_modules\_egg-logrotator@3.1.0@egg-logrotator\app\schedule\rotate_by_file.js
2020-06-25 13:58:12,346 INFO 81952 [Timer] C:\Users\lenovo\Desktop\shopping-mall\server\node_modules\_egg-multipart@2.10.3@egg-multipart\app\schedule\clean_tmpdir.js next time will execute after 52307661ms at 2020-06-26 04:30:00.007
2020-06-25 13:58:12,347 INFO 81952 [Timer] C:\Users\lenovo\Desktop\shopping-mall\server\node_modules\_egg-logrotator@3.1.0@egg-logrotator\app\schedule\clean_log.js next time will execute after 36107654ms at 2020-06-26 00:00:00.001
2020-06-25 13:58:12,348 INFO 81952 [Timer] C:\Users\lenovo\Desktop\shopping-mall\server\node_modules\_egg-logrotator@3.1.0@egg-logrotator\app\schedule\rotate_by_file.js next time will execute after 36108653ms at 2020-06-26 00:00:01.001
2020-06-26 13:36:03,762 INFO 22572 [egg-schedule]: register schedule C:\Users\lenovo\Desktop\shopping-mall\server\node_modules\_egg-multipart@2.10.3@egg-multipart\app\schedule\clean_tmpdir.js
2020-06-26 13:36:03,764 INFO 22572 [egg-schedule]: register schedule C:\Users\lenovo\Desktop\shopping-mall\server\node_modules\_egg-logrotator@3.1.0@egg-logrotator\app\schedule\clean_log.js
2020-06-26 13:36:03,765 INFO 22572 [egg-schedule]: register schedule C:\Users\lenovo\Desktop\shopping-mall\server\node_modules\_egg-logrotator@3.1.0@egg-logrotator\app\schedule\rotate_by_file.js
2020-06-26 13:36:15,332 INFO 12708 [Timer] C:\Users\lenovo\Desktop\shopping-mall\server\node_modules\_egg-multipart@2.10.3@egg-multipart\app\schedule\clean_tmpdir.js next time will execute after 53624675ms at 2020-06-27 04:30:00.007
2020-06-26 13:36:15,334 INFO 12708 [Timer] C:\Users\lenovo\Desktop\shopping-mall\server\node_modules\_egg-logrotator@3.1.0@egg-logrotator\app\schedule\clean_log.js next time will execute after 37424667ms at 2020-06-27 00:00:00.001
2020-06-26 13:36:15,335 INFO 12708 [Timer] C:\Users\lenovo\Desktop\shopping-mall\server\node_modules\_egg-logrotator@3.1.0@egg-logrotator\app\schedule\rotate_by_file.js next time will execute after 37425666ms at 2020-06-27 00:00:01.001
2020-06-28 08:23:20,530 INFO 77288 [egg-schedule]: register schedule C:\Users\lenovo\Desktop\shopping-mall\server\node_modules\_egg-multipart@2.10.3@egg-multipart\app\schedule\clean_tmpdir.js
2020-06-28 08:23:20,530 INFO 77288 [egg-schedule]: register schedule C:\Users\lenovo\Desktop\shopping-mall\server\node_modules\_egg-logrotator@3.1.0@egg-logrotator\app\schedule\clean_log.js
2020-06-28 08:23:20,530 INFO 77288 [egg-schedule]: register schedule C:\Users\lenovo\Desktop\shopping-mall\server\node_modules\_egg-logrotator@3.1.0@egg-logrotator\app\schedule\rotate_by_file.js
2020-06-28 08:23:29,982 INFO 74228 [Timer] C:\Users\lenovo\Desktop\shopping-mall\server\node_modules\_egg-multipart@2.10.3@egg-multipart\app\schedule\clean_tmpdir.js next time will execute after 72390025ms at 2020-06-29 04:30:00.007
2020-06-28 08:23:29,983 INFO 74228 [Timer] C:\Users\lenovo\Desktop\shopping-mall\server\node_modules\_egg-logrotator@3.1.0@egg-logrotator\app\schedule\clean_log.js next time will execute after 56190018ms at 2020-06-29 00:00:00.001
2020-06-28 08:23:29,984 INFO 74228 [Timer] C:\Users\lenovo\Desktop\shopping-mall\server\node_modules\_egg-logrotator@3.1.0@egg-logrotator\app\schedule\rotate_by_file.js next time will execute after 56191017ms at 2020-06-29 00:00:01.001
2020-06-28 21:01:10,096 INFO 64336 [egg-schedule]: register schedule C:\Users\lenovo\Desktop\shopping-mall\server\node_modules\_egg-multipart@2.10.3@egg-multipart\app\schedule\clean_tmpdir.js
2020-06-28 21:01:10,096 INFO 64336 [egg-schedule]: register schedule C:\Users\lenovo\Desktop\shopping-mall\server\node_modules\_egg-logrotator@3.1.0@egg-logrotator\app\schedule\clean_log.js
2020-06-28 21:01:10,096 INFO 64336 [egg-schedule]: register schedule C:\Users\lenovo\Desktop\shopping-mall\server\node_modules\_egg-logrotator@3.1.0@egg-logrotator\app\schedule\rotate_by_file.js
2020-06-28 21:01:19,475 INFO 55728 [Timer] C:\Users\lenovo\Desktop\shopping-mall\server\node_modules\_egg-multipart@2.10.3@egg-multipart\app\schedule\clean_tmpdir.js next time will execute after 26920531ms at 2020-06-29 04:30:00.006
2020-06-28 21:01:19,476 INFO 55728 [Timer] C:\Users\lenovo\Desktop\shopping-mall\server\node_modules\_egg-logrotator@3.1.0@egg-logrotator\app\schedule\clean_log.js next time will execute after 10720524ms at 2020-06-29 00:00:00.000
2020-06-28 21:01:19,477 INFO 55728 [Timer] C:\Users\lenovo\Desktop\shopping-mall\server\node_modules\_egg-logrotator@3.1.0@egg-logrotator\app\schedule\rotate_by_file.js next time will execute after 10721524ms at 2020-06-29 00:00:01.001
2020-06-29 08:40:50,659 INFO 19220 [egg-schedule]: register schedule C:\Users\lenovo\Desktop\shopping-mall\server\node_modules\_egg-multipart@2.10.3@egg-multipart\app\schedule\clean_tmpdir.js
2020-06-29 08:40:50,659 INFO 19220 [egg-schedule]: register schedule C:\Users\lenovo\Desktop\shopping-mall\server\node_modules\_egg-logrotator@3.1.0@egg-logrotator\app\schedule\clean_log.js
2020-06-29 08:40:50,659 INFO 19220 [egg-schedule]: register schedule C:\Users\lenovo\Desktop\shopping-mall\server\node_modules\_egg-logrotator@3.1.0@egg-logrotator\app\schedule\rotate_by_file.js
2020-06-29 08:41:04,927 INFO 40896 [Timer] C:\Users\lenovo\Desktop\shopping-mall\server\node_modules\_egg-multipart@2.10.3@egg-multipart\app\schedule\clean_tmpdir.js next time will execute after 71335082ms at 2020-06-30 04:30:00.009
2020-06-29 08:41:04,928 INFO 40896 [Timer] C:\Users\lenovo\Desktop\shopping-mall\server\node_modules\_egg-logrotator@3.1.0@egg-logrotator\app\schedule\clean_log.js next time will execute after 55135073ms at 2020-06-30 00:00:00.001
2020-06-29 08:41:04,930 INFO 40896 [Timer] C:\Users\lenovo\Desktop\shopping-mall\server\node_modules\_egg-logrotator@3.1.0@egg-logrotator\app\schedule\rotate_by_file.js next time will execute after 55136072ms at 2020-06-30 00:00:01.002
